# JRE version: Java(TM) SE Runtime Environment (8.0_91-b14) (build 1.8.0_91-b14)
# Java VM: Java HotSpot(TM) 64-Bit Server VM (25.91-b14 mixed mode windows-amd64 compressed oops)
Heap:
 PSYoungGen      total 236032K, used 170123K [0x000000076b580000, 0x000000077f480000, 0x00000007c0000000)
  eden space 224256K, 70% used [0x000000076b580000,0x0000000775071838,0x0000000779080000)
  from space 11776K, 97% used [0x000000077e900000,0x000000077f4315f0,0x000000077f480000)
  to   space 19968K, 0% used [0x000000077cd80000,0x000000077cd80000,0x000000077e100000)
 ParOldGen       total 214016K, used 31549K [0x00000006c2000000, 0x00000006cf100000, 0x000000076b580000)
  object space 214016K, 14% used [0x00000006c2000000,0x00000006c3ecf500,0x00000006cf100000)
 Metaspace       used 62260K, capacity 65506K, committed 65704K, reserved 1105920K
  class space    used 7924K, capacity 8532K, committed 8616K, reserved 1048576K
GC Heap History (10 events):
Event: 7.564 GC heap before
{Heap before GC invocations=9 (full 2):
 PSYoungGen      total 166912K, used 156160K [0x000000076b580000, 0x0000000778a80000, 0x00000007c0000000)
  eden space 156160K, 100% used [0x000000076b580000,0x0000000774e00000,0x0000000774e00000)
  from space 10752K, 0% used [0x0000000775980000,0x0000000775980000,0x0000000776400000)
  to   space 11776K, 0% used [0x0000000774e00000,0x0000000774e00000,0x0000000775980000)
 ParOldGen       total 148992K, used 14728K [0x00000006c2000000, 0x00000006cb180000, 0x000000076b580000)
  object space 148992K, 9% used [0x00000006c2000000,0x00000006c2e62090,0x00000006cb180000)
 Metaspace       used 42311K, capacity 44110K, committed 44200K, reserved 1087488K
  class space    used 5466K, capacity 5799K, committed 5800K, reserved 1048576K
Event: 7.578 GC heap after
Heap after GC invocations=9 (full 2):
 PSYoungGen      total 167936K, used 10791K [0x000000076b580000, 0x000000077b300000, 0x00000007c0000000)
  eden space 156160K, 0% used [0x000000076b580000,0x000000076b580000,0x0000000774e00000)
  from space 11776K, 91% used [0x0000000774e00000,0x0000000775889db0,0x0000000775980000)
  to   space 12800K, 0% used [0x000000077a680000,0x000000077a680000,0x000000077b300000)
 ParOldGen       total 148992K, used 14752K [0x00000006c2000000, 0x00000006cb180000, 0x000000076b580000)
  object space 148992K, 9% used [0x00000006c2000000,0x00000006c2e68090,0x00000006cb180000)
 Metaspace       used 42311K, capacity 44110K, committed 44200K, reserved 1087488K
  class space    used 5466K, capacity 5799K, committed 5800K, reserved 1048576K
}
Event: 8.658 GC heap before
{Heap before GC invocations=10 (full 2):
 PSYoungGen      total 167936K, used 166951K [0x000000076b580000, 0x000000077b300000, 0x00000007c0000000)
  eden space 156160K, 100% used [0x000000076b580000,0x0000000774e00000,0x0000000774e00000)
  from space 11776K, 91% used [0x0000000774e00000,0x0000000775889db0,0x0000000775980000)
  to   space 12800K, 0% used [0x000000077a680000,0x000000077a680000,0x000000077b300000)
 ParOldGen       total 148992K, used 14752K [0x00000006c2000000, 0x00000006cb180000, 0x000000076b580000)
  object space 148992K, 9% used [0x00000006c2000000,0x00000006c2e68090,0x00000006cb180000)
 Metaspace       used 48954K, capacity 51070K, committed 51112K, reserved 1093632K
  class space    used 6381K, capacity 6811K, committed 6824K, reserved 1048576K
Event: 8.679 GC heap after
Heap after GC invocations=10 (full 2):
 PSYoungGen      total 243200K, used 12781K [0x000000076b580000, 0x000000077bd00000, 0x00000007c0000000)
  eden space 230400K, 0% used [0x000000076b580000,0x000000076b580000,0x0000000779680000)
  from space 12800K, 99% used [0x000000077a680000,0x000000077b2fb708,0x000000077b300000)
  to   space 16384K, 0% used [0x0000000779680000,0x0000000779680000,0x000000077a680000)
 ParOldGen       total 148992K, used 19303K [0x00000006c2000000, 0x00000006cb180000, 0x000000076b580000)
  object space 148992K, 12% used [0x00000006c2000000,0x00000006c32d9c40,0x00000006cb180000)
 Metaspace       used 48954K, capacity 51070K, committed 51112K, reserved 1093632K
  class space    used 6381K, capacity 6811K, committed 6824K, reserved 1048576K
}
Event: 17.481 GC heap before
{Heap before GC invocations=11 (full 2):
 PSYoungGen      total 243200K, used 153556K [0x000000076b580000, 0x000000077bd00000, 0x00000007c0000000)
  eden space 230400K, 61% used [0x000000076b580000,0x0000000773ef9938,0x0000000779680000)
  from space 12800K, 99% used [0x000000077a680000,0x000000077b2fb708,0x000000077b300000)
  to   space 16384K, 0% used [0x0000000779680000,0x0000000779680000,0x000000077a680000)
 ParOldGen       total 148992K, used 19303K [0x00000006c2000000, 0x00000006cb180000, 0x000000076b580000)
  object space 148992K, 12% used [0x00000006c2000000,0x00000006c32d9c40,0x00000006cb180000)
 Metaspace       used 56457K, capacity 59054K, committed 59160K, reserved 1101824K
  class space    used 7322K, capacity 7832K, committed 7848K, reserved 1048576K
Event: 17.511 GC heap after
Heap after GC invocations=11 (full 2):
 PSYoungGen      total 246784K, used 16376K [0x000000076b580000, 0x000000077fd00000, 0x00000007c0000000)
  eden space 230400K, 0% used [0x000000076b580000,0x000000076b580000,0x0000000779680000)
  from space 16384K, 99% used [0x0000000779680000,0x000000077a67e0c8,0x000000077a680000)
  to   space 20480K, 0% used [0x000000077e900000,0x000000077e900000,0x000000077fd00000)
 ParOldGen       total 148992K, used 24989K [0x00000006c2000000, 0x00000006cb180000, 0x000000076b580000)
  object space 148992K, 16% used [0x00000006c2000000,0x00000006c3867520,0x00000006cb180000)
 Metaspace       used 56457K, capacity 59054K, committed 59160K, reserved 1101824K
  class space    used 7322K, capacity 7832K, committed 7848K, reserved 1048576K
}
Event: 17.511 GC heap before
{Heap before GC invocations=12 (full 3):
 PSYoungGen      total 246784K, used 16376K [0x000000076b580000, 0x000000077fd00000, 0x00000007c0000000)
  eden space 230400K, 0% used [0x000000076b580000,0x000000076b580000,0x0000000779680000)
  from space 16384K, 99% used [0x0000000779680000,0x000000077a67e0c8,0x000000077a680000)
  to   space 20480K, 0% used [0x000000077e900000,0x000000077e900000,0x000000077fd00000)
 ParOldGen       total 148992K, used 24989K [0x00000006c2000000, 0x00000006cb180000, 0x000000076b580000)
  object space 148992K, 16% used [0x00000006c2000000,0x00000006c3867520,0x00000006cb180000)
 Metaspace       used 56457K, capacity 59054K, committed 59160K, reserved 1101824K
  class space    used 7322K, capacity 7832K, committed 7848K, reserved 1048576K
Event: 17.681 GC heap after
Heap after GC invocations=12 (full 3):
 PSYoungGen      total 246784K, used 0K [0x000000076b580000, 0x000000077fd00000, 0x00000007c0000000)
  eden space 230400K, 0% used [0x000000076b580000,0x000000076b580000,0x0000000779680000)
  from space 16384K, 0% used [0x0000000779680000,0x0000000779680000,0x000000077a680000)
  to   space 20480K, 0% used [0x000000077e900000,0x000000077e900000,0x000000077fd00000)
 ParOldGen       total 214016K, used 31541K [0x00000006c2000000, 0x00000006cf100000, 0x000000076b580000)
  object space 214016K, 14% used [0x00000006c2000000,0x00000006c3ecd500,0x00000006cf100000)
 Metaspace       used 56457K, capacity 59054K, committed 59160K, reserved 1101824K
  class space    used 7322K, capacity 7832K, committed 7848K, reserved 1048576K
}
Event: 10714.987 GC heap before
{Heap before GC invocations=13 (full 3):
 PSYoungGen      total 246784K, used 230400K [0x000000076b580000, 0x000000077fd00000, 0x00000007c0000000)
  eden space 230400K, 100% used [0x000000076b580000,0x0000000779680000,0x0000000779680000)
  from space 16384K, 0% used [0x0000000779680000,0x0000000779680000,0x000000077a680000)
  to   space 20480K, 0% used [0x000000077e900000,0x000000077e900000,0x000000077fd00000)
 ParOldGen       total 214016K, used 31541K [0x00000006c2000000, 0x00000006cf100000, 0x000000076b580000)
  object space 214016K, 14% used [0x00000006c2000000,0x00000006c3ecd500,0x00000006cf100000)
 Metaspace       used 61769K, capacity 64962K, committed 65192K, reserved 1105920K
  class space    used 7914K, capacity 8500K, committed 8616K, reserved 1048576K
Event: 10715.098 GC heap after
Heap after GC invocations=13 (full 3):
 PSYoungGen      total 236032K, used 11461K [0x000000076b580000, 0x000000077f480000, 0x00000007c0000000)
  eden space 224256K, 0% used [0x000000076b580000,0x000000076b580000,0x0000000779080000)
  from space 11776K, 97% used [0x000000077e900000,0x000000077f4315f0,0x000000077f480000)
  to   space 19968K, 0% used [0x000000077cd80000,0x000000077cd80000,0x000000077e100000)
 ParOldGen       total 214016K, used 31549K [0x00000006c2000000, 0x00000006cf100000, 0x000000076b580000)
  object space 214016K, 14% used [0x00000006c2000000,0x00000006c3ecf500,0x00000006cf100000)
 Metaspace       used 61769K, capacity 64962K, committed 65192K, reserved 1105920K
  class space    used 7914K, capacity 8500K, committed 8616K, reserved 1048576K
}

